<?xml version="1.0" encoding="UTF-8"?>
<!-- Generated by org.testng.reporters.JUnitReportReporter -->
<testsuite hostname="Dexter" failures="0" tests="3" name="testScripts.AllyTestOne" time="29.290" errors="0" timestamp="2022-02-03T17:17:27 IST" skipped="2">
  <testcase classname="testScripts.AllyTestOne" name="testWithWeb" time="29.290"/>
  <system-out/>
  <testcase classname="testScripts.AllyTestOne" name="sampleOneTest">
    <skipped/>
  </testcase> <!-- sampleOneTest -->
  <system-out/>
  <testcase classname="testScripts.AllyTestOne" name="testWithSelectors">
    <skipped/>
  </testcase> <!-- testWithSelectors -->
  <system-out/>
</testsuite> <!-- testScripts.AllyTestOne -->
